app/build/intermediates/manifest_merge_blame_file/debug/manifest-merger-blame-debug-report.txt
1<?xml version="1.0" encoding="utf-8"?>
2<manifest xmlns:android="http://schemas.android.com/apk/res/android"
3    package="com.example.createmind"
4    android:versionCode="1"
5    android:versionName="1.0" >
6
7    <uses-sdk
8        android:minSdkVersion="24"
8-->src\main\AndroidManifest.xml
9        android:targetSdkVersion="29" />
9-->src\main\AndroidManifest.xml
10
11    <uses-permission android:name="android.permission.INTERNET" />
11-->src\main\AndroidManifest.xml:5:5-67
11-->src\main\AndroidManifest.xml:5:22-64
12    <uses-permission android:name="android.permission.ACCESS_NETWORK_STATE" />
12-->[com.firebaseui:firebase-ui-auth:6.2.1] AndroidManifest.xml:12:5-79
12-->[com.firebaseui:firebase-ui-auth:6.2.1] AndroidManifest.xml:12:22-76
13    <uses-permission android:name="android.permission.WAKE_LOCK" />
13-->[com.google.android.gms:play-services-measurement:17.4.4] AndroidManifest.xml:25:5-68
13-->[com.google.android.gms:play-services-measurement:17.4.4] AndroidManifest.xml:25:22-65
14    <uses-permission android:name="com.google.android.finsky.permission.BIND_GET_INSTALL_REFERRER_SERVICE" />
14-->[com.google.android.gms:play-services-measurement:17.4.4] AndroidManifest.xml:26:5-110
14-->[com.google.android.gms:play-services-measurement:17.4.4] AndroidManifest.xml:26:22-107
15
16    <application
16-->src\main\AndroidManifest.xml:7:5-31:19
17        android:name="com.example.createmind.Starting_Screens_Activities.Api"
17-->src\main\AndroidManifest.xml:8:9-56
18        android:allowBackup="true"
18-->src\main\AndroidManifest.xml:9:9-35
19        android:appComponentFactory="androidx.core.app.CoreComponentFactory"
19-->[androidx.core:core:1.1.0] AndroidManifest.xml:24:18-86
20        android:debuggable="true"
21        android:extractNativeLibs="false"
22        android:icon="@mipmap/ic_launcher"
22-->src\main\AndroidManifest.xml:10:9-43
23        android:label="@string/app_name"
23-->src\main\AndroidManifest.xml:11:9-41
24        android:roundIcon="@mipmap/ic_launcher_round"
24-->src\main\AndroidManifest.xml:12:9-54
25        android:supportsRtl="true"
25-->src\main\AndroidManifest.xml:13:9-35
26        android:testOnly="true"
27        android:theme="@style/AppTheme" >
27-->src\main\AndroidManifest.xml:14:9-40
28        <activity android:name="com.example.createmind.Starting_Screens_Activities.Create_Account_Activity" />
28-->src\main\AndroidManifest.xml:16:9-88
28-->src\main\AndroidManifest.xml:16:19-86
29        <activity android:name="com.example.createmind.Starting_Screens_Activities.Login_SignUp" />
29-->src\main\AndroidManifest.xml:17:9-78
29-->src\main\AndroidManifest.xml:17:19-75
30        <activity android:name="com.example.createmind.Starting_Screens_Activities.OnBoarding_Activity" />
30-->src\main\AndroidManifest.xml:18:9-85
30-->src\main\AndroidManifest.xml:18:19-82
31        <activity android:name="com.example.createmind.MainActivity" />
31-->src\main\AndroidManifest.xml:19:9-50
31-->src\main\AndroidManifest.xml:19:19-47
32        <activity android:name="com.example.createmind.SplashScreen_Activity" >
32-->src\main\AndroidManifest.xml:20:9-26:20
32-->src\main\AndroidManifest.xml:20:19-56
33            <intent-filter>
33-->src\main\AndroidManifest.xml:21:13-25:29
34                <action android:name="android.intent.action.MAIN" />
34-->src\main\AndroidManifest.xml:22:17-69
34-->src\main\AndroidManifest.xml:22:25-66
35
36                <category android:name="android.intent.category.LAUNCHER" />
36-->src\main\AndroidManifest.xml:24:17-77
36-->src\main\AndroidManifest.xml:24:27-74
37            </intent-filter>
38        </activity>
39
40        <meta-data
40-->src\main\AndroidManifest.xml:28:9-30:57
41            android:name="preloaded_fonts"
41-->src\main\AndroidManifest.xml:29:13-43
42            android:resource="@array/preloaded_fonts" />
42-->src\main\AndroidManifest.xml:30:13-54
43        <meta-data
43-->[com.firebaseui:firebase-ui-auth:6.2.1] AndroidManifest.xml:16:9-18:69
44            android:name="com.google.android.gms.version"
44-->[com.firebaseui:firebase-ui-auth:6.2.1] AndroidManifest.xml:17:13-58
45            android:value="@integer/google_play_services_version" />
45-->[com.firebaseui:firebase-ui-auth:6.2.1] AndroidManifest.xml:18:13-66
46        <meta-data
46-->[com.firebaseui:firebase-ui-auth:6.2.1] AndroidManifest.xml:19:9-21:63
47            android:name="com.facebook.sdk.ApplicationId"
47-->[com.firebaseui:firebase-ui-auth:6.2.1] AndroidManifest.xml:20:13-58
48            android:value="@string/facebook_application_id" />
48-->[com.firebaseui:firebase-ui-auth:6.2.1] AndroidManifest.xml:21:13-60
49
50        <activity
50-->[com.firebaseui:firebase-ui-auth:6.2.1] AndroidManifest.xml:23:9-27:61
51            android:name="com.firebase.ui.auth.KickoffActivity"
51-->[com.firebaseui:firebase-ui-auth:6.2.1] AndroidManifest.xml:24:13-64
52            android:exported="false"
52-->[com.firebaseui:firebase-ui-auth:6.2.1] AndroidManifest.xml:25:13-37
53            android:label=""
53-->[com.firebaseui:firebase-ui-auth:6.2.1] AndroidManifest.xml:26:13-29
54            android:theme="@style/FirebaseUI.Transparent" />
54-->[com.firebaseui:firebase-ui-auth:6.2.1] AndroidManifest.xml:27:13-58
55        <activity
55-->[com.firebaseui:firebase-ui-auth:6.2.1] AndroidManifest.xml:28:9-32:61
56            android:name="com.firebase.ui.auth.ui.idp.SingleSignInActivity"
56-->[com.firebaseui:firebase-ui-auth:6.2.1] AndroidManifest.xml:29:13-76
57            android:exported="false"
57-->[com.firebaseui:firebase-ui-auth:6.2.1] AndroidManifest.xml:30:13-37
58            android:label=""
58-->[com.firebaseui:firebase-ui-auth:6.2.1] AndroidManifest.xml:31:13-29
59            android:theme="@style/FirebaseUI.Transparent" />
59-->[com.firebaseui:firebase-ui-auth:6.2.1] AndroidManifest.xml:32:13-58
60        <activity
60-->[com.firebaseui:firebase-ui-auth:6.2.1] AndroidManifest.xml:33:9-37:61
61            android:name="com.firebase.ui.auth.ui.credentials.CredentialSaveActivity"
61-->[com.firebaseui:firebase-ui-auth:6.2.1] AndroidManifest.xml:34:13-86
62            android:exported="false"
62-->[com.firebaseui:firebase-ui-auth:6.2.1] AndroidManifest.xml:35:13-37
63            android:label=""
63-->[com.firebaseui:firebase-ui-auth:6.2.1] AndroidManifest.xml:36:13-29
64            android:theme="@style/FirebaseUI.Transparent" />
64-->[com.firebaseui:firebase-ui-auth:6.2.1] AndroidManifest.xml:37:13-58
65        <activity
65-->[com.firebaseui:firebase-ui-auth:6.2.1] AndroidManifest.xml:38:9-42:58
66            android:name="com.firebase.ui.auth.ui.email.RecoverPasswordActivity"
66-->[com.firebaseui:firebase-ui-auth:6.2.1] AndroidManifest.xml:39:13-81
67            android:exported="false"
67-->[com.firebaseui:firebase-ui-auth:6.2.1] AndroidManifest.xml:40:13-37
68            android:label="@string/fui_title_recover_password_activity"
68-->[com.firebaseui:firebase-ui-auth:6.2.1] AndroidManifest.xml:41:13-72
69            android:windowSoftInputMode="adjustResize" />
69-->[com.firebaseui:firebase-ui-auth:6.2.1] AndroidManifest.xml:42:13-55
70        <activity
70-->[com.firebaseui:firebase-ui-auth:6.2.1] AndroidManifest.xml:43:9-47:58
71            android:name="com.firebase.ui.auth.ui.email.EmailActivity"
71-->[com.firebaseui:firebase-ui-auth:6.2.1] AndroidManifest.xml:44:13-71
72            android:exported="false"
72-->[com.firebaseui:firebase-ui-auth:6.2.1] AndroidManifest.xml:45:13-37
73            android:label="@string/fui_sign_in_default"
73-->[com.firebaseui:firebase-ui-auth:6.2.1] AndroidManifest.xml:46:13-56
74            android:windowSoftInputMode="adjustResize" />
74-->[com.firebaseui:firebase-ui-auth:6.2.1] AndroidManifest.xml:47:13-55
75        <activity
75-->[com.firebaseui:firebase-ui-auth:6.2.1] AndroidManifest.xml:48:9-52:77
76            android:name="com.firebase.ui.auth.ui.phone.PhoneActivity"
76-->[com.firebaseui:firebase-ui-auth:6.2.1] AndroidManifest.xml:49:13-71
77            android:exported="false"
77-->[com.firebaseui:firebase-ui-auth:6.2.1] AndroidManifest.xml:50:13-37
78            android:label="@string/fui_sign_in_with_phone_number"
78-->[com.firebaseui:firebase-ui-auth:6.2.1] AndroidManifest.xml:51:13-66
79            android:windowSoftInputMode="adjustResize|stateAlwaysVisible" />
79-->[com.firebaseui:firebase-ui-auth:6.2.1] AndroidManifest.xml:52:13-74
80        <activity
80-->[com.firebaseui:firebase-ui-auth:6.2.1] AndroidManifest.xml:53:9-57:58
81            android:name="com.firebase.ui.auth.ui.idp.WelcomeBackIdpPrompt"
81-->[com.firebaseui:firebase-ui-auth:6.2.1] AndroidManifest.xml:54:13-76
82            android:exported="false"
82-->[com.firebaseui:firebase-ui-auth:6.2.1] AndroidManifest.xml:55:13-37
83            android:label="@string/fui_title_welcome_back_idp_prompt"
83-->[com.firebaseui:firebase-ui-auth:6.2.1] AndroidManifest.xml:56:13-70
84            android:windowSoftInputMode="adjustResize" />
84-->[com.firebaseui:firebase-ui-auth:6.2.1] AndroidManifest.xml:57:13-55
85        <activity
85-->[com.firebaseui:firebase-ui-auth:6.2.1] AndroidManifest.xml:58:9-62:58
86            android:name="com.firebase.ui.auth.ui.email.WelcomeBackPasswordPrompt"
86-->[com.firebaseui:firebase-ui-auth:6.2.1] AndroidManifest.xml:59:13-83
87            android:exported="false"
87-->[com.firebaseui:firebase-ui-auth:6.2.1] AndroidManifest.xml:60:13-37
88            android:label="@string/fui_title_welcome_back_password_prompt"
88-->[com.firebaseui:firebase-ui-auth:6.2.1] AndroidManifest.xml:61:13-75
89            android:windowSoftInputMode="adjustResize" />
89-->[com.firebaseui:firebase-ui-auth:6.2.1] AndroidManifest.xml:62:13-55
90        <activity
90-->[com.firebaseui:firebase-ui-auth:6.2.1] AndroidManifest.xml:63:9-67:58
91            android:name="com.firebase.ui.auth.ui.email.WelcomeBackEmailLinkPrompt"
91-->[com.firebaseui:firebase-ui-auth:6.2.1] AndroidManifest.xml:64:13-84
92            android:exported="false"
92-->[com.firebaseui:firebase-ui-auth:6.2.1] AndroidManifest.xml:65:13-37
93            android:label="@string/fui_title_welcome_back_password_prompt"
93-->[com.firebaseui:firebase-ui-auth:6.2.1] AndroidManifest.xml:66:13-75
94            android:windowSoftInputMode="adjustResize" />
94-->[com.firebaseui:firebase-ui-auth:6.2.1] AndroidManifest.xml:67:13-55
95        <activity
95-->[com.firebaseui:firebase-ui-auth:6.2.1] AndroidManifest.xml:68:9-73:58
96            android:name="com.firebase.ui.auth.ui.email.EmailLinkCatcherActivity"
96-->[com.firebaseui:firebase-ui-auth:6.2.1] AndroidManifest.xml:69:13-82
97            android:exported="false"
97-->[com.firebaseui:firebase-ui-auth:6.2.1] AndroidManifest.xml:70:13-37
98            android:label=""
98-->[com.firebaseui:firebase-ui-auth:6.2.1] AndroidManifest.xml:71:13-29
99            android:theme="@style/FirebaseUI.Transparent"
99-->[com.firebaseui:firebase-ui-auth:6.2.1] AndroidManifest.xml:72:13-58
100            android:windowSoftInputMode="adjustResize" />
100-->[com.firebaseui:firebase-ui-auth:6.2.1] AndroidManifest.xml:73:13-55
101        <activity
101-->[com.firebaseui:firebase-ui-auth:6.2.1] AndroidManifest.xml:74:9-78:58
102            android:name="com.firebase.ui.auth.ui.email.EmailLinkErrorRecoveryActivity"
102-->[com.firebaseui:firebase-ui-auth:6.2.1] AndroidManifest.xml:75:13-88
103            android:exported="false"
103-->[com.firebaseui:firebase-ui-auth:6.2.1] AndroidManifest.xml:76:13-37
104            android:label="@string/fui_sign_in_default"
104-->[com.firebaseui:firebase-ui-auth:6.2.1] AndroidManifest.xml:77:13-56
105            android:windowSoftInputMode="adjustResize" />
105-->[com.firebaseui:firebase-ui-auth:6.2.1] AndroidManifest.xml:78:13-55
106        <activity
106-->[com.firebaseui:firebase-ui-auth:6.2.1] AndroidManifest.xml:79:9-82:65
107            android:name="com.firebase.ui.auth.ui.idp.AuthMethodPickerActivity"
107-->[com.firebaseui:firebase-ui-auth:6.2.1] AndroidManifest.xml:80:13-80
108            android:exported="false"
108-->[com.firebaseui:firebase-ui-auth:6.2.1] AndroidManifest.xml:81:13-37
109            android:label="@string/fui_default_toolbar_title" />
109-->[com.firebaseui:firebase-ui-auth:6.2.1] AndroidManifest.xml:82:13-62
110        <activity
110-->[com.firebaseui:firebase-ui-auth:6.2.1] AndroidManifest.xml:83:9-87:48
111            android:name="com.facebook.FacebookActivity"
111-->[com.firebaseui:firebase-ui-auth:6.2.1] AndroidManifest.xml:84:13-57
112            android:configChanges="keyboard|keyboardHidden|screenLayout|screenSize|orientation"
112-->[com.firebaseui:firebase-ui-auth:6.2.1] AndroidManifest.xml:85:13-96
113            android:label="@string/app_name" />
113-->[com.firebaseui:firebase-ui-auth:6.2.1] AndroidManifest.xml:86:13-45
114        <activity
114-->[com.firebaseui:firebase-ui-auth:6.2.1] AndroidManifest.xml:88:9-100:20
115            android:name="com.facebook.CustomTabActivity"
115-->[com.firebaseui:firebase-ui-auth:6.2.1] AndroidManifest.xml:89:13-58
116            android:exported="true" >
116-->[com.firebaseui:firebase-ui-auth:6.2.1] AndroidManifest.xml:90:13-36
117            <intent-filter>
117-->[com.firebaseui:firebase-ui-auth:6.2.1] AndroidManifest.xml:92:13-99:29
118                <action android:name="android.intent.action.VIEW" />
118-->[com.firebaseui:firebase-ui-auth:6.2.1] AndroidManifest.xml:93:17-69
118-->[com.firebaseui:firebase-ui-auth:6.2.1] AndroidManifest.xml:93:25-66
119
120                <category android:name="android.intent.category.DEFAULT" />
120-->[com.firebaseui:firebase-ui-auth:6.2.1] AndroidManifest.xml:95:17-76
120-->[com.firebaseui:firebase-ui-auth:6.2.1] AndroidManifest.xml:95:27-73
121                <category android:name="android.intent.category.BROWSABLE" />
121-->[com.firebaseui:firebase-ui-auth:6.2.1] AndroidManifest.xml:96:17-78
121-->[com.firebaseui:firebase-ui-auth:6.2.1] AndroidManifest.xml:96:27-75
122
123                <data android:scheme="@string/facebook_login_protocol_scheme" />
123-->[com.firebaseui:firebase-ui-auth:6.2.1] AndroidManifest.xml:98:17-81
123-->[com.firebaseui:firebase-ui-auth:6.2.1] AndroidManifest.xml:98:23-78
124            </intent-filter>
125        </activity>
126
127        <provider
127-->[com.firebaseui:firebase-ui-auth:6.2.1] AndroidManifest.xml:102:9-106:38
128            android:name="com.firebase.ui.auth.data.client.AuthUiInitProvider"
128-->[com.firebaseui:firebase-ui-auth:6.2.1] AndroidManifest.xml:103:13-79
129            android:authorities="com.example.createmind.authuiinitprovider"
129-->[com.firebaseui:firebase-ui-auth:6.2.1] AndroidManifest.xml:104:13-70
130            android:exported="false"
130-->[com.firebaseui:firebase-ui-auth:6.2.1] AndroidManifest.xml:105:13-37
131            android:initOrder="90" />
131-->[com.firebaseui:firebase-ui-auth:6.2.1] AndroidManifest.xml:106:13-35
132
133        <activity
133-->[com.google.firebase:firebase-auth:19.3.2] AndroidManifest.xml:24:9-31:50
134            android:name="com.google.firebase.auth.internal.FederatedSignInActivity"
134-->[com.google.firebase:firebase-auth:19.3.2] AndroidManifest.xml:25:13-85
135            android:excludeFromRecents="true"
135-->[com.google.firebase:firebase-auth:19.3.2] AndroidManifest.xml:26:13-46
136            android:exported="true"
136-->[com.google.firebase:firebase-auth:19.3.2] AndroidManifest.xml:27:13-36
137            android:launchMode="singleTask"
137-->[com.google.firebase:firebase-auth:19.3.2] AndroidManifest.xml:28:13-44
138            android:permission="com.google.firebase.auth.api.gms.permission.LAUNCH_FEDERATED_SIGN_IN"
138-->[com.google.firebase:firebase-auth:19.3.2] AndroidManifest.xml:29:13-102
139            android:theme="@android:style/Theme.Translucent.NoTitleBar" />
139-->[com.google.firebase:firebase-auth:19.3.2] AndroidManifest.xml:30:13-72
140
141        <service
141-->[com.google.firebase:firebase-auth:19.3.2] AndroidManifest.xml:33:9-39:19
142            android:name="com.google.firebase.components.ComponentDiscoveryService"
142-->[com.google.firebase:firebase-auth:19.3.2] AndroidManifest.xml:34:13-84
143            android:directBootAware="true"
143-->[com.google.firebase:firebase-common:19.3.0] AndroidManifest.xml:34:13-43
144            android:exported="false" >
144-->[com.google.firebase:firebase-auth:19.3.2] AndroidManifest.xml:35:13-37
145            <meta-data
145-->[com.google.firebase:firebase-auth:19.3.2] AndroidManifest.xml:36:13-38:85
146                android:name="com.google.firebase.components:com.google.firebase.auth.FirebaseAuthRegistrar"
146-->[com.google.firebase:firebase-auth:19.3.2] AndroidManifest.xml:37:17-109
147                android:value="com.google.firebase.components.ComponentRegistrar" />
147-->[com.google.firebase:firebase-auth:19.3.2] AndroidManifest.xml:38:17-82
148            <meta-data
148-->[com.google.firebase:firebase-firestore:21.5.0] AndroidManifest.xml:20:13-22:85
149                android:name="com.google.firebase.components:com.google.firebase.firestore.FirestoreRegistrar"
149-->[com.google.firebase:firebase-firestore:21.5.0] AndroidManifest.xml:21:17-111
150                android:value="com.google.firebase.components.ComponentRegistrar" />
150-->[com.google.firebase:firebase-firestore:21.5.0] AndroidManifest.xml:22:17-82
151            <meta-data
151-->[com.google.firebase:firebase-storage:19.1.1] AndroidManifest.xml:33:13-35:85
152                android:name="com.google.firebase.components:com.google.firebase.storage.StorageRegistrar"
152-->[com.google.firebase:firebase-storage:19.1.1] AndroidManifest.xml:34:17-107
153                android:value="com.google.firebase.components.ComponentRegistrar" />
153-->[com.google.firebase:firebase-storage:19.1.1] AndroidManifest.xml:35:17-82
154            <meta-data
154-->[com.google.firebase:firebase-database:19.2.1] AndroidManifest.xml:32:13-34:85
155                android:name="com.google.firebase.components:com.google.firebase.database.DatabaseRegistrar"
155-->[com.google.firebase:firebase-database:19.2.1] AndroidManifest.xml:33:17-109
156                android:value="com.google.firebase.components.ComponentRegistrar" />
156-->[com.google.firebase:firebase-database:19.2.1] AndroidManifest.xml:34:17-82
157            <meta-data
157-->[com.google.android.gms:play-services-measurement-api:17.4.4] AndroidManifest.xml:30:13-32:85
158                android:name="com.google.firebase.components:com.google.firebase.analytics.connector.internal.AnalyticsConnectorRegistrar"
158-->[com.google.android.gms:play-services-measurement-api:17.4.4] AndroidManifest.xml:31:17-139
159                android:value="com.google.firebase.components.ComponentRegistrar" />
159-->[com.google.android.gms:play-services-measurement-api:17.4.4] AndroidManifest.xml:32:17-82
160            <meta-data
160-->[com.google.firebase:firebase-installations:16.3.2] AndroidManifest.xml:17:13-19:85
161                android:name="com.google.firebase.components:com.google.firebase.installations.FirebaseInstallationsRegistrar"
161-->[com.google.firebase:firebase-installations:16.3.2] AndroidManifest.xml:18:17-127
162                android:value="com.google.firebase.components.ComponentRegistrar" />
162-->[com.google.firebase:firebase-installations:16.3.2] AndroidManifest.xml:19:17-82
163        </service>
164
165        <provider
165-->[com.squareup.picasso:picasso:2.71828] AndroidManifest.xml:8:9-11:40
166            android:name="com.squareup.picasso.PicassoProvider"
166-->[com.squareup.picasso:picasso:2.71828] AndroidManifest.xml:9:13-64
167            android:authorities="com.example.createmind.com.squareup.picasso"
167-->[com.squareup.picasso:picasso:2.71828] AndroidManifest.xml:10:13-72
168            android:exported="false" />
168-->[com.squareup.picasso:picasso:2.71828] AndroidManifest.xml:11:13-37
169
170        <activity
170-->[com.google.android.gms:play-services-auth:17.0.0] AndroidManifest.xml:23:9-27:75
171            android:name="com.google.android.gms.auth.api.signin.internal.SignInHubActivity"
171-->[com.google.android.gms:play-services-auth:17.0.0] AndroidManifest.xml:24:13-93
172            android:excludeFromRecents="true"
172-->[com.google.android.gms:play-services-auth:17.0.0] AndroidManifest.xml:25:13-46
173            android:exported="false"
173-->[com.google.android.gms:play-services-auth:17.0.0] AndroidManifest.xml:26:13-37
174            android:theme="@android:style/Theme.Translucent.NoTitleBar" />
174-->[com.google.android.gms:play-services-auth:17.0.0] AndroidManifest.xml:27:13-72
175        <!--
176            Service handling Google Sign-In user revocation. For apps that do not integrate with
177            Google Sign-In, this service will never be started.
178        -->
179        <service
179-->[com.google.android.gms:play-services-auth:17.0.0] AndroidManifest.xml:33:9-36:110
180            android:name="com.google.android.gms.auth.api.signin.RevocationBoundService"
180-->[com.google.android.gms:play-services-auth:17.0.0] AndroidManifest.xml:34:13-89
181            android:exported="true"
181-->[com.google.android.gms:play-services-auth:17.0.0] AndroidManifest.xml:35:13-36
182            android:permission="com.google.android.gms.auth.api.signin.permission.REVOCATION_NOTIFICATION" />
182-->[com.google.android.gms:play-services-auth:17.0.0] AndroidManifest.xml:36:13-107
183
184        <activity
184-->[com.google.android.gms:play-services-base:17.1.0] AndroidManifest.xml:23:9-26:75
185            android:name="com.google.android.gms.common.api.GoogleApiActivity"
185-->[com.google.android.gms:play-services-base:17.1.0] AndroidManifest.xml:24:13-79
186            android:exported="false"
186-->[com.google.android.gms:play-services-base:17.1.0] AndroidManifest.xml:25:13-37
187            android:theme="@android:style/Theme.Translucent.NoTitleBar" />
187-->[com.google.android.gms:play-services-base:17.1.0] AndroidManifest.xml:26:13-72
188
189        <receiver
189-->[com.google.android.gms:play-services-measurement:17.4.4] AndroidManifest.xml:29:9-33:20
190            android:name="com.google.android.gms.measurement.AppMeasurementReceiver"
190-->[com.google.android.gms:play-services-measurement:17.4.4] AndroidManifest.xml:30:13-85
191            android:enabled="true"
191-->[com.google.android.gms:play-services-measurement:17.4.4] AndroidManifest.xml:31:13-35
192            android:exported="false" >
192-->[com.google.android.gms:play-services-measurement:17.4.4] AndroidManifest.xml:32:13-37
193        </receiver>
194
195        <service
195-->[com.google.android.gms:play-services-measurement:17.4.4] AndroidManifest.xml:35:9-38:40
196            android:name="com.google.android.gms.measurement.AppMeasurementService"
196-->[com.google.android.gms:play-services-measurement:17.4.4] AndroidManifest.xml:36:13-84
197            android:enabled="true"
197-->[com.google.android.gms:play-services-measurement:17.4.4] AndroidManifest.xml:37:13-35
198            android:exported="false" />
198-->[com.google.android.gms:play-services-measurement:17.4.4] AndroidManifest.xml:38:13-37
199        <service
199-->[com.google.android.gms:play-services-measurement:17.4.4] AndroidManifest.xml:39:9-43:72
200            android:name="com.google.android.gms.measurement.AppMeasurementJobService"
200-->[com.google.android.gms:play-services-measurement:17.4.4] AndroidManifest.xml:40:13-87
201            android:enabled="true"
201-->[com.google.android.gms:play-services-measurement:17.4.4] AndroidManifest.xml:41:13-35
202            android:exported="false"
202-->[com.google.android.gms:play-services-measurement:17.4.4] AndroidManifest.xml:42:13-37
203            android:permission="android.permission.BIND_JOB_SERVICE" />
203-->[com.google.android.gms:play-services-measurement:17.4.4] AndroidManifest.xml:43:13-69
204
205        <provider
205-->[com.google.firebase:firebase-common:19.3.0] AndroidManifest.xml:26:9-30:39
206            android:name="com.google.firebase.provider.FirebaseInitProvider"
206-->[com.google.firebase:firebase-common:19.3.0] AndroidManifest.xml:27:13-77
207            android:authorities="com.example.createmind.firebaseinitprovider"
207-->[com.google.firebase:firebase-common:19.3.0] AndroidManifest.xml:28:13-72
208            android:exported="false"
208-->[com.google.firebase:firebase-common:19.3.0] AndroidManifest.xml:29:13-37
209            android:initOrder="100" />
209-->[com.google.firebase:firebase-common:19.3.0] AndroidManifest.xml:30:13-36
210        <provider
210-->[androidx.lifecycle:lifecycle-process:2.1.0] AndroidManifest.xml:23:9-27:43
211            android:name="androidx.lifecycle.ProcessLifecycleOwnerInitializer"
211-->[androidx.lifecycle:lifecycle-process:2.1.0] AndroidManifest.xml:24:13-79
212            android:authorities="com.example.createmind.lifecycle-process"
212-->[androidx.lifecycle:lifecycle-process:2.1.0] AndroidManifest.xml:25:13-69
213            android:exported="false"
213-->[androidx.lifecycle:lifecycle-process:2.1.0] AndroidManifest.xml:26:13-37
214            android:multiprocess="true" />
214-->[androidx.lifecycle:lifecycle-process:2.1.0] AndroidManifest.xml:27:13-40
215    </application>
216
217</manifest>